<?xml version="1.0" encoding="UTF-8"?>
<coverage generated="1677920944433" clover="3.2.0">
  <project timestamp="1677920944433" name="All files">
    <metrics statements="33" coveredstatements="33" conditionals="4" coveredconditionals="3" methods="3" coveredmethods="3" elements="40" coveredelements="39" complexity="0" loc="33" ncloc="33" packages="4" files="4" classes="4"/>
    <package name="be-services-cities">
      <metrics statements="13" coveredstatements="13" conditionals="4" coveredconditionals="3" methods="0" coveredmethods="0"/>
      <file name="app.js" path="/Users/bayuaji/Documents/Online Hacktiv8/Fase 3/Final Project/be-services-cities/app.js">
        <metrics statements="13" coveredstatements="13" conditionals="4" coveredconditionals="3" methods="0" coveredmethods="0"/>
        <line num="2" count="1" type="cond" truecount="1" falsecount="1"/>
        <line num="3" count="1" type="stmt"/>
        <line num="6" count="1" type="stmt"/>
        <line num="7" count="1" type="stmt"/>
        <line num="8" count="1" type="cond" truecount="2" falsecount="0"/>
        <line num="9" count="1" type="stmt"/>
        <line num="10" count="1" type="stmt"/>
        <line num="11" count="1" type="stmt"/>
        <line num="12" count="1" type="stmt"/>
        <line num="13" count="1" type="stmt"/>
        <line num="14" count="1" type="stmt"/>
        <line num="16" count="1" type="stmt"/>
        <line num="22" count="1" type="stmt"/>
      </file>
    </package>
    <package name="be-services-cities.config">
      <metrics statements="3" coveredstatements="3" conditionals="0" coveredconditionals="0" methods="0" coveredmethods="0"/>
      <file name="axios.js" path="/Users/bayuaji/Documents/Online Hacktiv8/Fase 3/Final Project/be-services-cities/config/axios.js">
        <metrics statements="3" coveredstatements="3" conditionals="0" coveredconditionals="0" methods="0" coveredmethods="0"/>
        <line num="30" count="1" type="stmt"/>
        <line num="32" count="1" type="stmt"/>
        <line num="41" count="1" type="stmt"/>
      </file>
    </package>
    <package name="be-services-cities.controllers">
      <metrics statements="11" coveredstatements="11" conditionals="0" coveredconditionals="0" methods="3" coveredmethods="3"/>
      <file name="index.js" path="/Users/bayuaji/Documents/Online Hacktiv8/Fase 3/Final Project/be-services-cities/controllers/index.js">
        <metrics statements="11" coveredstatements="11" conditionals="0" coveredconditionals="0" methods="3" coveredmethods="3"/>
        <line num="1" count="1" type="stmt"/>
        <line num="5" count="1" type="stmt"/>
        <line num="6" count="1" type="stmt"/>
        <line num="8" count="1" type="stmt"/>
        <line num="15" count="1" type="stmt"/>
        <line num="16" count="1" type="stmt"/>
        <line num="17" count="1" type="stmt"/>
        <line num="24" count="1" type="stmt"/>
        <line num="25" count="1" type="stmt"/>
        <line num="26" count="1" type="stmt"/>
        <line num="33" count="1" type="stmt"/>
      </file>
    </package>
    <package name="be-services-cities.routes">
      <metrics statements="6" coveredstatements="6" conditionals="0" coveredconditionals="0" methods="0" coveredmethods="0"/>
      <file name="index.js" path="/Users/bayuaji/Documents/Online Hacktiv8/Fase 3/Final Project/be-services-cities/routes/index.js">
        <metrics statements="6" coveredstatements="6" conditionals="0" coveredconditionals="0" methods="0" coveredmethods="0"/>
        <line num="1" count="1" type="stmt"/>
        <line num="2" count="1" type="stmt"/>
        <line num="4" count="1" type="stmt"/>
        <line num="5" count="1" type="stmt"/>
        <line num="6" count="1" type="stmt"/>
        <line num="8" count="1" type="stmt"/>
      </file>
    </package>
  </project>
</coverage>
